<?xml version="1.0" encoding="UTF-8" ?>
<testsuite tests="6" failures="0" name="ru.megalomaniac.tasks.calculator.CalculatorTest" time="0.016" errors="0" skipped="0">
  <properties>
[...]
</properties>
  <testcase classname="ru.megalomaniac.tasks.calculator.CalculatorTest" name="calculateFromString_ThrowsIncorrectInputIfElevenOperand" time="0.016"/>
  <testcase classname="ru.megalomaniac.tasks.calculator.CalculatorTest" name="calculateFromString_Roman" time="0"/>
  <testcase classname="ru.megalomaniac.tasks.calculator.CalculatorTest" name="calculateFromString_Arabic" time="0"/>
  <testcase classname="ru.megalomaniac.tasks.calculator.CalculatorTest" name="calculateFromString_ThrowsIncorrectInputIfEmptyString" time="0"/>
  <testcase classname="ru.megalomaniac.tasks.calculator.CalculatorTest" name="calculateFromString_ThrowsIncorrectInputIfZeroOperand" time="0"/>
  <testcase classname="ru.megalomaniac.tasks.calculator.CalculatorTest" name="calculateFromString_ThrowsIncorrectInputIfArabicRoman" time="0"/>
</testsuite>